<?xml version="1.0" encoding="UTF-8"?>
<coverage generated="1771370653610" clover="3.2.0">
  <project timestamp="1771370653610" name="All files">
    <metrics statements="21" coveredstatements="5" conditionals="0" coveredconditionals="0" methods="8" coveredmethods="4" elements="29" coveredelements="9" complexity="0" loc="21" ncloc="21" packages="1" files="2" classes="2"/>
    <file name="color.js" path="/home/nazar/Desktop/3-course-2-semestr/management-IT-projects/labs/color-mixer/js/color.js">
      <metrics statements="3" coveredstatements="3" conditionals="0" coveredconditionals="0" methods="3" coveredmethods="3"/>
      <line num="3" count="3" type="stmt"/>
      <line num="4" count="1" type="stmt"/>
      <line num="8" count="1" type="stmt"/>
    </file>
    <file name="script.js" path="/home/nazar/Desktop/3-course-2-semestr/management-IT-projects/labs/color-mixer/js/script.js">
      <metrics statements="18" coveredstatements="2" conditionals="0" coveredconditionals="0" methods="5" coveredmethods="1"/>
      <line num="6" count="1" type="stmt"/>
      <line num="7" count="1" type="stmt"/>
      <line num="11" count="0" type="stmt"/>
      <line num="15" count="0" type="stmt"/>
      <line num="16" count="0" type="stmt"/>
      <line num="17" count="0" type="stmt"/>
      <line num="19" count="0" type="stmt"/>
      <line num="20" count="0" type="stmt"/>
      <line num="22" count="0" type="stmt"/>
      <line num="23" count="0" type="stmt"/>
      <line num="24" count="0" type="stmt"/>
      <line num="27" count="0" type="stmt"/>
      <line num="36" count="0" type="stmt"/>
      <line num="37" count="0" type="stmt"/>
      <line num="38" count="0" type="stmt"/>
      <line num="40" count="0" type="stmt"/>
      <line num="41" count="0" type="stmt"/>
      <line num="51" count="0" type="stmt"/>
    </file>
  </project>
</coverage>
