{"/home/nazar/Desktop/3-course-2-semestr/management-IT-projects/labs/color-mixer/js/color.js": {"path":"/home/nazar/Desktop/3-course-2-semestr/management-IT-projects/labs/color-mixer/js/color.js","statementMap":{"0":{"start":{"line":3,"column":18},"end":{"line":3,"column":56}},"1":{"start":{"line":3,"column":25},"end":{"line":3,"column":56}},"2":{"start":{"line":4,"column":4},"end":{"line":4,"column":null}},"3":{"start":{"line":8,"column":2},"end":{"line":8,"column":null}}},"fnMap":{"0":{"name":"rgbToHex","decl":{"start":{"line":2,"column":16},"end":{"line":2,"column":24}},"loc":{"start":{"line":2,"column":34},"end":{"line":5,"column":null}},"line":2},"1":{"name":"(anonymous_1)","decl":{"start":{"line":3,"column":18},"end":{"line":3,"column":19}},"loc":{"start":{"line":3,"column":25},"end":{"line":3,"column":56}},"line":3},"2":{"name":"mixColors","decl":{"start":{"line":7,"column":16},"end":{"line":7,"column":25}},"loc":{"start":{"line":7,"column":35},"end":{"line":9,"column":null}},"line":7}},"branchMap":{},"s":{"0":1,"1":3,"2":1,"3":1},"f":{"0":1,"1":3,"2":1},"b":{},"meta":{"lastBranch":0,"lastFunction":3,"lastStatement":4,"seen":{"f:2:16:2:24":0,"s:3:18:3:56":0,"f:3:18:3:19":1,"s:3:25:3:56":1,"s:4:4:4:Infinity":2,"f:7:16:7:25":2,"s:8:2:8:Infinity":3}}}
,"/home/nazar/Desktop/3-course-2-semestr/management-IT-projects/labs/color-mixer/js/script.js": {"path":"/home/nazar/Desktop/3-course-2-semestr/management-IT-projects/labs/color-mixer/js/script.js","statementMap":{"0":{"start":{"line":6,"column":2},"end":{"line":6,"column":null}},"1":{"start":{"line":7,"column":2},"end":{"line":7,"column":null}},"2":{"start":{"line":11,"column":2},"end":{"line":11,"column":null}},"3":{"start":{"line":15,"column":14},"end":{"line":15,"column":44}},"4":{"start":{"line":16,"column":16},"end":{"line":16,"column":48}},"5":{"start":{"line":17,"column":15},"end":{"line":17,"column":46}},"6":{"start":{"line":19,"column":19},"end":{"line":19,"column":54}},"7":{"start":{"line":20,"column":20},"end":{"line":20,"column":55}},"8":{"start":{"line":22,"column":17},"end":{"line":22,"column":54}},"9":{"start":{"line":23,"column":20},"end":{"line":23,"column":56}},"10":{"start":{"line":24,"column":20},"end":{"line":24,"column":56}},"11":{"start":{"line":27,"column":4},"end":{"line":33,"column":null}},"12":{"start":{"line":36,"column":2},"end":{"line":36,"column":null}},"13":{"start":{"line":37,"column":2},"end":{"line":37,"column":null}},"14":{"start":{"line":38,"column":2},"end":{"line":38,"column":null}},"15":{"start":{"line":40,"column":2},"end":{"line":48,"column":null}},"16":{"start":{"line":41,"column":4},"end":{"line":47,"column":null}},"17":{"start":{"line":51,"column":2},"end":{"line":51,"column":null}}},"fnMap":{"0":{"name":"updateColor","decl":{"start":{"line":5,"column":16},"end":{"line":5,"column":27}},"loc":{"start":{"line":5,"column":53},"end":{"line":8,"column":null}},"line":5},"1":{"name":"applySensorColor","decl":{"start":{"line":10,"column":16},"end":{"line":10,"column":32}},"loc":{"start":{"line":10,"column":58},"end":{"line":12,"column":null}},"line":10},"2":{"name":"init","decl":{"start":{"line":14,"column":16},"end":{"line":14,"column":20}},"loc":{"start":{"line":14,"column":23},"end":{"line":52,"column":null}},"line":14},"3":{"name":"onSliderChange","decl":{"start":{"line":26,"column":11},"end":{"line":26,"column":25}},"loc":{"start":{"line":26,"column":28},"end":{"line":34,"column":null}},"line":26},"4":{"name":"(anonymous_4)","decl":{"start":{"line":40,"column":35},"end":{"line":40,"column":36}},"loc":{"start":{"line":40,"column":41},"end":{"line":48,"column":3}},"line":40}},"branchMap":{},"s":{"0":1,"1":1,"2":0,"3":0,"4":0,"5":0,"6":0,"7":0,"8":0,"9":0,"10":0,"11":0,"12":0,"13":0,"14":0,"15":0,"16":0,"17":0},"f":{"0":1,"1":0,"2":0,"3":0,"4":0},"b":{},"meta":{"lastBranch":0,"lastFunction":5,"lastStatement":18,"seen":{"f:5:16:5:27":0,"s:6:2:6:Infinity":0,"s:7:2:7:Infinity":1,"f:10:16:10:32":1,"s:11:2:11:Infinity":2,"f:14:16:14:20":2,"s:15:14:15:44":3,"s:16:16:16:48":4,"s:17:15:17:46":5,"s:19:19:19:54":6,"s:20:20:20:55":7,"s:22:17:22:54":8,"s:23:20:23:56":9,"s:24:20:24:56":10,"f:26:11:26:25":3,"s:27:4:33:Infinity":11,"s:36:2:36:Infinity":12,"s:37:2:37:Infinity":13,"s:38:2:38:Infinity":14,"s:40:2:48:Infinity":15,"f:40:35:40:36":4,"s:41:4:47:Infinity":16,"s:51:2:51:Infinity":17}}}
}
